#
# A fatal error has been detected by the Java Runtime Environment:
#
#  EXCEPTION_ACCESS_VIOLATION (0xc0000005) at pc=0x00007ffdf005faad, pid=12440, tid=9072
#
# JRE version: Java(TM) SE Runtime Environment (17.0.4.1+1) (build 17.0.4.1+1-LTS-2)
# Java VM: Java HotSpot(TM) 64-Bit Server VM (17.0.4.1+1-LTS-2, mixed mode, emulated-client, sharing, tiered, compressed oops, compressed class ptrs, g1 gc, windows-amd64)
# Problematic frame:
# C  [ntdll.dll+0x2faad]
#
# No core dump will be written. Minidumps are not enabled by default on client versions of Windows
#
# If you would like to submit a bug report, please visit:
#   https://bugreport.java.com/bugreport/crash.jsp
# The crash happened outside the Java Virtual Machine in native code.
# See problematic frame for where to report the bug.
#

---------------  S U M M A R Y ------------

Command Line: -XX:TieredStopAtLevel=1 -Dspring.output.ansi.enabled=always -Dcom.sun.management.jmxremote -Dspring.jmx.enabled=true -Dspring.liveBeansView.mbeanDomain -Dspring.application.admin.enabled=true -javaagent:C:\Program Files\JetBrains\IntelliJ IDEA 2022.2.3\lib\idea_rt.jar=51040:C:\Program Files\JetBrains\IntelliJ IDEA 2022.2.3\bin -Dfile.encoding=UTF-8 com.company.enroller.App

Host: Intel(R) Core(TM) i5-4210U CPU @ 1.70GHz, 4 cores, 5G,  Windows 10 , 64 bit Build 19041 (10.0.19041.2788)
Time: Sun May 14 20:02:04 2023  Windows 10 , 64 bit Build 19041 (10.0.19041.2788) elapsed time: 118.519949 seconds (0d 0h 1m 58s)

---------------  T H R E A D  ---------------

Current thread (0x00000140fe88da40):  JavaThread "http-nio-8080-exec-10" daemon [_thread_in_native, id=9072, stack(0x0000003030700000,0x0000003030800000)]

Stack: [0x0000003030700000,0x0000003030800000],  sp=0x00000030307fa890,  free space=1002k
Native frames: (J=compiled Java code, j=interpreted, Vv=VM code, C=native code)
C  [ntdll.dll+0x2faad]
C  [sqlite-3.36.0.3-08d39df5-8881-4877-81a9-11a03c869bb3-sqlitejdbc.dll+0x57edc]

Java frames: (J=compiled Java code, j=interpreted, Vv=VM code)
j  org.sqlite.core.NativeDB.reset(J)I+0
j  org.sqlite.jdbc3.JDBC3PreparedStatement.executeQuery()Ljava/sql/ResultSet;+39
j  org.hibernate.engine.jdbc.internal.ResultSetReturnImpl.extract(Ljava/sql/PreparedStatement;)Ljava/sql/ResultSet;+23
j  org.hibernate.loader.plan.exec.internal.AbstractLoadPlanBasedLoader.getResultSet(Ljava/sql/PreparedStatement;Lorg/hibernate/engine/spi/RowSelection;Lorg/hibernate/dialect/pagination/LimitHandler;ZLorg/hibernate/engine/spi/SharedSessionContractImplementor;)Ljava/sql/ResultSet;+13
j  org.hibernate.loader.plan.exec.internal.AbstractLoadPlanBasedLoader.executeQueryStatement(Ljava/lang/String;Lorg/hibernate/engine/spi/QueryParameters;ZLorg/hibernate/engine/spi/SharedSessionContractImplementor;)Lorg/hibernate/loader/plan/exec/internal/AbstractLoadPlanBasedLoader$SqlStatementWrapper;+108
j  org.hibernate.loader.plan.exec.internal.AbstractLoadPlanBasedLoader.executeLoad(Lorg/hibernate/engine/spi/SharedSessionContractImplementor;Lorg/hibernate/engine/spi/QueryParameters;Lorg/hibernate/loader/plan/exec/spi/LoadQueryDetails;ZLorg/hibernate/transform/ResultTransformer;)Ljava/util/List;+73
j  org.hibernate.loader.entity.plan.AbstractLoadPlanBasedEntityLoader.load(Ljava/io/Serializable;Ljava/lang/Object;Lorg/hibernate/engine/spi/SharedSessionContractImplementor;Lorg/hibernate/LockOptions;Ljava/lang/Boolean;)Ljava/lang/Object;+101
j  org.hibernate.persister.entity.AbstractEntityPersister.doLoad(Ljava/io/Serializable;Ljava/lang/Object;Lorg/hibernate/LockOptions;Lorg/hibernate/engine/spi/SharedSessionContractImplementor;Ljava/lang/Boolean;)Ljava/lang/Object;+49
j  org.hibernate.persister.entity.AbstractEntityPersister.load(Ljava/io/Serializable;Ljava/lang/Object;Lorg/hibernate/LockOptions;Lorg/hibernate/engine/spi/SharedSessionContractImplementor;Ljava/lang/Boolean;)Ljava/lang/Object;+8
j  org.hibernate.event.internal.DefaultLoadEventListener.loadFromDatasource(Lorg/hibernate/event/spi/LoadEvent;Lorg/hibernate/persister/entity/EntityPersister;)Ljava/lang/Object;+21
j  org.hibernate.event.internal.DefaultLoadEventListener.doLoad(Lorg/hibernate/event/spi/LoadEvent;Lorg/hibernate/persister/entity/EntityPersister;Lorg/hibernate/engine/spi/EntityKey;Lorg/hibernate/event/spi/LoadEventListener$LoadType;)Ljava/lang/Object;+167
j  org.hibernate.event.internal.DefaultLoadEventListener.load(Lorg/hibernate/event/spi/LoadEvent;Lorg/hibernate/persister/entity/EntityPersister;Lorg/hibernate/engine/spi/EntityKey;Lorg/hibernate/event/spi/LoadEventListener$LoadType;)Ljava/lang/Object;+95
j  org.hibernate.event.internal.DefaultLoadEventListener.proxyOrLoad(Lorg/hibernate/event/spi/LoadEvent;Lorg/hibernate/persister/entity/EntityPersister;Lorg/hibernate/engine/spi/EntityKey;Lorg/hibernate/event/spi/LoadEventListener$LoadType;)Ljava/lang/Object;+386
j  org.hibernate.event.internal.DefaultLoadEventListener.doOnLoad(Lorg/hibernate/persister/entity/EntityPersister;Lorg/hibernate/event/spi/LoadEvent;Lorg/hibernate/event/spi/LoadEventListener$LoadType;)V+60
j  org.hibernate.event.internal.DefaultLoadEventListener.onLoad(Lorg/hibernate/event/spi/LoadEvent;Lorg/hibernate/event/spi/LoadEventListener$LoadType;)V+95
j  org.hibernate.internal.SessionImpl$$Lambda$823+0x0000000801356358.applyEventToListener(Ljava/lang/Object;Ljava/lang/Object;Ljava/lang/Object;)V+12
j  org.hibernate.event.service.internal.EventListenerGroupImpl.fireEventOnEachListener(Ljava/lang/Object;Ljava/lang/Object;Lorg/hibernate/event/service/spi/EventActionWithParameter;)V+30
j  org.hibernate.internal.SessionImpl.fireLoadNoChecks(Lorg/hibernate/event/spi/LoadEvent;Lorg/hibernate/event/spi/LoadEventListener$LoadType;)V+18
j  org.hibernate.internal.SessionImpl.fireLoad(Lorg/hibernate/event/spi/LoadEvent;Lorg/hibernate/event/spi/LoadEventListener$LoadType;)V+7
j  org.hibernate.internal.SessionImpl.access$2100(Lorg/hibernate/internal/SessionImpl;Lorg/hibernate/event/spi/LoadEvent;Lorg/hibernate/event/spi/LoadEventListener$LoadType;)V+3
j  org.hibernate.internal.SessionImpl$IdentifierLoadAccessImpl.doLoad(Ljava/io/Serializable;)Ljava/lang/Object;+103
j  org.hibernate.internal.SessionImpl$IdentifierLoadAccessImpl.lambda$load$1(Ljava/io/Serializable;)Ljava/lang/Object;+2
j  org.hibernate.internal.SessionImpl$IdentifierLoadAccessImpl$$Lambda$822+0x00000008013555c0.get()Ljava/lang/Object;+8
j  org.hibernate.internal.SessionImpl$IdentifierLoadAccessImpl.perform(Ljava/util/function/Supplier;)Ljava/lang/Object;+84
j  org.hibernate.internal.SessionImpl$IdentifierLoadAccessImpl.load(Ljava/io/Serializable;)Ljava/lang/Object;+8
j  org.hibernate.internal.SessionImpl.get(Ljava/lang/Class;Ljava/io/Serializable;)Ljava/lang/Object;+6
j  com.company.enroller.persistence.MeetingService.findById(J)Lcom/company/enroller/model/Meeting;+10
j  com.company.enroller.controllers.MeetingRestController.deleteMeeting(J)Lorg/springframework/http/ResponseEntity;+5
v  ~StubRoutines::call_stub
J 2430  jdk.internal.reflect.NativeMethodAccessorImpl.invoke0(Ljava/lang/reflect/Method;Ljava/lang/Object;[Ljava/lang/Object;)Ljava/lang/Object; java.base@17.0.4.1 (0 bytes) @ 0x00000140f3181ba7 [0x00000140f3181b20+0x0000000000000087]
J 2429 c1 jdk.internal.reflect.NativeMethodAccessorImpl.invoke(Ljava/lang/Object;[Ljava/lang/Object;)Ljava/lang/Object; java.base@17.0.4.1 (137 bytes) @ 0x00000140f3182914 [0x00000140f3182600+0x0000000000000314]
J 2209 c1 jdk.internal.reflect.DelegatingMethodAccessorImpl.invoke(Ljava/lang/Object;[Ljava/lang/Object;)Ljava/lang/Object; java.base@17.0.4.1 (10 bytes) @ 0x00000140f31279e4 [0x00000140f31279a0+0x0000000000000044]
J 2223 c1 java.lang.reflect.Method.invoke(Ljava/lang/Object;[Ljava/lang/Object;)Ljava/lang/Object; java.base@17.0.4.1 (65 bytes) @ 0x00000140f312c364 [0x00000140f312c260+0x0000000000000104]
j  org.springframework.web.method.support.InvocableHandlerMethod.doInvoke([Ljava/lang/Object;)Ljava/lang/Object;+28
j  org.springframework.web.method.support.InvocableHandlerMethod.invokeForRequest(Lorg/springframework/web/context/request/NativeWebRequest;Lorg/springframework/web/method/support/ModelAndViewContainer;[Ljava/lang/Object;)Ljava/lang/Object;+54
j  org.springframework.web.servlet.mvc.method.annotation.ServletInvocableHandlerMethod.invokeAndHandle(Lorg/springframework/web/context/request/ServletWebRequest;Lorg/springframework/web/method/support/ModelAndViewContainer;[Ljava/lang/Object;)V+4
j  org.springframework.web.servlet.mvc.method.annotation.RequestMappingHandlerAdapter.invokeHandlerMethod(Ljavax/servlet/http/HttpServletRequest;Ljavax/servlet/http/HttpServletResponse;Lorg/springframework/web/method/HandlerMethod;)Lorg/springframework/web/servlet/ModelAndView;+244
j  org.springframework.web.servlet.mvc.method.annotation.RequestMappingHandlerAdapter.handleInternal(Ljavax/servlet/http/HttpServletRequest;Ljavax/servlet/http/HttpServletResponse;Lorg/springframework/web/method/HandlerMethod;)Lorg/springframework/web/servlet/ModelAndView;+81
j  org.springframework.web.servlet.mvc.method.AbstractHandlerMethodAdapter.handle(Ljavax/servlet/http/HttpServletRequest;Ljavax/servlet/http/HttpServletResponse;Ljava/lang/Object;)Lorg/springframework/web/servlet/ModelAndView;+7
j  org.springframework.web.servlet.DispatcherServlet.doDispatch(Ljavax/servlet/http/HttpServletRequest;Ljavax/servlet/http/HttpServletResponse;)V+259
j  org.springframework.web.servlet.DispatcherServlet.doService(Ljavax/servlet/http/HttpServletRequest;Ljavax/servlet/http/HttpServletResponse;)V+241
j  org.springframework.web.servlet.FrameworkServlet.processRequest(Ljavax/servlet/http/HttpServletRequest;Ljavax/servlet/http/HttpServletResponse;)V+71
j  org.springframework.web.servlet.FrameworkServlet.doDelete(Ljavax/servlet/http/HttpServletRequest;Ljavax/servlet/http/HttpServletResponse;)V+3
j  javax.servlet.http.HttpServlet.service(Ljavax/servlet/http/HttpServletRequest;Ljavax/servlet/http/HttpServletResponse;)V+185
j  org.springframework.web.servlet.FrameworkServlet.service(Ljavax/servlet/http/HttpServletRequest;Ljavax/servlet/http/HttpServletResponse;)V+33
j  javax.servlet.http.HttpServlet.service(Ljavax/servlet/ServletRequest;Ljavax/servlet/ServletResponse;)V+36
j  org.apache.catalina.core.ApplicationFilterChain.internalDoFilter(Ljavax/servlet/ServletRequest;Ljavax/servlet/ServletResponse;)V+304
j  org.apache.catalina.core.ApplicationFilterChain.doFilter(Ljavax/servlet/ServletRequest;Ljavax/servlet/ServletResponse;)V+99
j  org.apache.tomcat.websocket.server.WsFilter.doFilter(Ljavax/servlet/ServletRequest;Ljavax/servlet/ServletResponse;Ljavax/servlet/FilterChain;)V+21
j  org.apache.catalina.core.ApplicationFilterChain.internalDoFilter(Ljavax/servlet/ServletRequest;Ljavax/servlet/ServletResponse;)V+135
j  org.apache.catalina.core.ApplicationFilterChain.doFilter(Ljavax/servlet/ServletRequest;Ljavax/servlet/ServletResponse;)V+99
j  org.springframework.security.web.FilterChainProxy$VirtualFilterChain.doFilter(Ljavax/servlet/ServletRequest;Ljavax/servlet/ServletResponse;)V+52
j  org.springframework.security.web.access.intercept.FilterSecurityInterceptor.invoke(Lorg/springframework/security/web/FilterInvocation;)V+79
j  org.springframework.security.web.access.intercept.FilterSecurityInterceptor.doFilter(Ljavax/servlet/ServletRequest;Ljavax/servlet/ServletResponse;Ljavax/servlet/FilterChain;)V+11
j  org.springframework.security.web.FilterChainProxy$VirtualFilterChain.doFilter(Ljavax/servlet/ServletRequest;Ljavax/servlet/ServletResponse;)V+136
j  org.springframework.security.web.access.ExceptionTranslationFilter.doFilter(Ljavax/servlet/http/HttpServletRequest;Ljavax/servlet/http/HttpServletResponse;Ljavax/servlet/FilterChain;)V+3
j  org.springframework.security.web.access.ExceptionTranslationFilter.doFilter(Ljavax/servlet/ServletRequest;Ljavax/servlet/ServletResponse;Ljavax/servlet/FilterChain;)V+10
j  org.springframework.security.web.FilterChainProxy$VirtualFilterChain.doFilter(Ljavax/servlet/ServletRequest;Ljavax/servlet/ServletResponse;)V+136
j  org.springframework.security.web.session.SessionManagementFilter.doFilter(Ljavax/servlet/http/HttpServletRequest;Ljavax/servlet/http/HttpServletResponse;Ljavax/servlet/FilterChain;)V+210
j  org.springframework.security.web.session.SessionManagementFilter.doFilter(Ljavax/servlet/ServletRequest;Ljavax/servlet/ServletResponse;Ljavax/servlet/FilterChain;)V+10
j  org.springframework.security.web.FilterChainProxy$VirtualFilterChain.doFilter(Ljavax/servlet/ServletRequest;Ljavax/servlet/ServletResponse;)V+136
j  org.springframework.security.web.authentication.AnonymousAuthenticationFilter.doFilter(Ljavax/servlet/ServletRequest;Ljavax/servlet/ServletResponse;Ljavax/servlet/FilterChain;)V+118
j  org.springframework.security.web.FilterChainProxy$VirtualFilterChain.doFilter(Ljavax/servlet/ServletRequest;Ljavax/servlet/ServletResponse;)V+136
j  org.springframework.security.web.servletapi.SecurityContextHolderAwareRequestFilter.doFilter(Ljavax/servlet/ServletRequest;Ljavax/servlet/ServletResponse;Ljavax/servlet/FilterChain;)V+19
j  org.springframework.security.web.FilterChainProxy$VirtualFilterChain.doFilter(Ljavax/servlet/ServletRequest;Ljavax/servlet/ServletResponse;)V+136
j  org.springframework.security.web.savedrequest.RequestCacheAwareFilter.doFilter(Ljavax/servlet/ServletRequest;Ljavax/servlet/ServletResponse;Ljavax/servlet/FilterChain;)V+32
j  org.springframework.security.web.FilterChainProxy$VirtualFilterChain.doFilter(Ljavax/servlet/ServletRequest;Ljavax/servlet/ServletResponse;)V+136
j  com.company.enroller.security.JWTAuthorizationFilter.doFilterInternal(Ljavax/servlet/http/HttpServletRequest;Ljavax/servlet/http/HttpServletResponse;Ljavax/servlet/FilterChain;)V+58
j  org.springframework.web.filter.OncePerRequestFilter.doFilter(Ljavax/servlet/ServletRequest;Ljavax/servlet/ServletResponse;Ljavax/servlet/FilterChain;)V+147
j  org.springframework.security.web.FilterChainProxy$VirtualFilterChain.doFilter(Ljavax/servlet/ServletRequest;Ljavax/servlet/ServletResponse;)V+136
j  org.springframework.security.web.authentication.AbstractAuthenticationProcessingFilter.doFilter(Ljavax/servlet/http/HttpServletRequest;Ljavax/servlet/http/HttpServletResponse;Ljavax/servlet/FilterChain;)V+12
j  org.springframework.security.web.authentication.AbstractAuthenticationProcessingFilter.doFilter(Ljavax/servlet/ServletRequest;Ljavax/servlet/ServletResponse;Ljavax/servlet/FilterChain;)V+10
j  org.springframework.security.web.FilterChainProxy$VirtualFilterChain.doFilter(Ljavax/servlet/ServletRequest;Ljavax/servlet/ServletResponse;)V+136
j  org.springframework.security.web.authentication.logout.LogoutFilter.doFilter(Ljavax/servlet/http/HttpServletRequest;Ljavax/servlet/http/HttpServletResponse;Ljavax/servlet/FilterChain;)V+77
j  org.springframework.security.web.authentication.logout.LogoutFilter.doFilter(Ljavax/servlet/ServletRequest;Ljavax/servlet/ServletResponse;Ljavax/servlet/FilterChain;)V+10
j  org.springframework.security.web.FilterChainProxy$VirtualFilterChain.doFilter(Ljavax/servlet/ServletRequest;Ljavax/servlet/ServletResponse;)V+136
j  org.springframework.security.web.header.HeaderWriterFilter.doHeadersAfter(Ljavax/servlet/http/HttpServletRequest;Ljavax/servlet/http/HttpServletResponse;Ljavax/servlet/FilterChain;)V+29
j  org.springframework.security.web.header.HeaderWriterFilter.doFilterInternal(Ljavax/servlet/http/HttpServletRequest;Ljavax/servlet/http/HttpServletResponse;Ljavax/servlet/FilterChain;)V+21
j  org.springframework.web.filter.OncePerRequestFilter.doFilter(Ljavax/servlet/ServletRequest;Ljavax/servlet/ServletResponse;Ljavax/servlet/FilterChain;)V+147
j  org.springframework.security.web.FilterChainProxy$VirtualFilterChain.doFilter(Ljavax/servlet/ServletRequest;Ljavax/servlet/ServletResponse;)V+136
j  org.springframework.security.web.context.SecurityContextPersistenceFilter.doFilter(Ljavax/servlet/http/HttpServletRequest;Ljavax/servlet/http/HttpServletResponse;Ljavax/servlet/FilterChain;)V+181
j  org.springframework.security.web.context.SecurityContextPersistenceFilter.doFilter(Ljavax/servlet/ServletRequest;Ljavax/servlet/ServletResponse;Ljavax/servlet/FilterChain;)V+10
j  org.springframework.security.web.FilterChainProxy$VirtualFilterChain.doFilter(Ljavax/servlet/ServletRequest;Ljavax/servlet/ServletResponse;)V+136
j  org.springframework.security.web.context.request.async.WebAsyncManagerIntegrationFilter.doFilterInternal(Ljavax/servlet/http/HttpServletRequest;Ljavax/servlet/http/HttpServletResponse;Ljavax/servlet/FilterChain;)V+42
j  org.springframework.web.filter.OncePerRequestFilter.doFilter(Ljavax/servlet/ServletRequest;Ljavax/servlet/ServletResponse;Ljavax/servlet/FilterChain;)V+147
j  org.springframework.security.web.FilterChainProxy$VirtualFilterChain.doFilter(Ljavax/servlet/ServletRequest;Ljavax/servlet/ServletResponse;)V+136
j  org.springframework.security.web.FilterChainProxy.doFilterInternal(Ljavax/servlet/ServletRequest;Ljavax/servlet/ServletResponse;Ljavax/servlet/FilterChain;)V+148
j  org.springframework.security.web.FilterChainProxy.doFilter(Ljavax/servlet/ServletRequest;Ljavax/servlet/ServletResponse;Ljavax/servlet/FilterChain;)V+48
j  org.springframework.web.filter.DelegatingFilterProxy.invokeDelegate(Ljavax/servlet/Filter;Ljavax/servlet/ServletRequest;Ljavax/servlet/ServletResponse;Ljavax/servlet/FilterChain;)V+5
j  org.springframework.web.filter.DelegatingFilterProxy.doFilter(Ljavax/servlet/ServletRequest;Ljavax/servlet/ServletResponse;Ljavax/servlet/FilterChain;)V+85
j  org.apache.catalina.core.ApplicationFilterChain.internalDoFilter(Ljavax/servlet/ServletRequest;Ljavax/servlet/ServletResponse;)V+135
j  org.apache.catalina.core.ApplicationFilterChain.doFilter(Ljavax/servlet/ServletRequest;Ljavax/servlet/ServletResponse;)V+99
j  org.springframework.web.filter.RequestContextFilter.doFilterInternal(Ljavax/servlet/http/HttpServletRequest;Ljavax/servlet/http/HttpServletResponse;Ljavax/servlet/FilterChain;)V+21
j  org.springframework.web.filter.OncePerRequestFilter.doFilter(Ljavax/servlet/ServletRequest;Ljavax/servlet/ServletResponse;Ljavax/servlet/FilterChain;)V+147
j  org.apache.catalina.core.ApplicationFilterChain.internalDoFilter(Ljavax/servlet/ServletRequest;Ljavax/servlet/ServletResponse;)V+135
j  org.apache.catalina.core.ApplicationFilterChain.doFilter(Ljavax/servlet/ServletRequest;Ljavax/servlet/ServletResponse;)V+99
j  org.springframework.web.filter.FormContentFilter.doFilterInternal(Ljavax/servlet/http/HttpServletRequest;Ljavax/servlet/http/HttpServletResponse;Ljavax/servlet/FilterChain;)V+38
j  org.springframework.web.filter.OncePerRequestFilter.doFilter(Ljavax/servlet/ServletRequest;Ljavax/servlet/ServletResponse;Ljavax/servlet/FilterChain;)V+147
j  org.apache.catalina.core.ApplicationFilterChain.internalDoFilter(Ljavax/servlet/ServletRequest;Ljavax/servlet/ServletResponse;)V+135
j  org.apache.catalina.core.ApplicationFilterChain.doFilter(Ljavax/servlet/ServletRequest;Ljavax/servlet/ServletResponse;)V+99
j  org.springframework.web.filter.CharacterEncodingFilter.doFilterInternal(Ljavax/servlet/http/HttpServletRequest;Ljavax/servlet/http/HttpServletResponse;Ljavax/servlet/FilterChain;)V+53
j  org.springframework.web.filter.OncePerRequestFilter.doFilter(Ljavax/servlet/ServletRequest;Ljavax/servlet/ServletResponse;Ljavax/servlet/FilterChain;)V+147
j  org.apache.catalina.core.ApplicationFilterChain.internalDoFilter(Ljavax/servlet/ServletRequest;Ljavax/servlet/ServletResponse;)V+135
j  org.apache.catalina.core.ApplicationFilterChain.doFilter(Ljavax/servlet/ServletRequest;Ljavax/servlet/ServletResponse;)V+99
j  org.apache.catalina.core.StandardWrapperValve.invoke(Lorg/apache/catalina/connector/Request;Lorg/apache/catalina/connector/Response;)V+694
j  org.apache.catalina.core.StandardContextValve.invoke(Lorg/apache/catalina/connector/Request;Lorg/apache/catalina/connector/Response;)V+169
j  org.apache.catalina.authenticator.AuthenticatorBase.invoke(Lorg/apache/catalina/connector/Request;Lorg/apache/catalina/connector/Response;)V+260
j  org.apache.catalina.core.StandardHostValve.invoke(Lorg/apache/catalina/connector/Request;Lorg/apache/catalina/connector/Response;)V+128
j  org.apache.catalina.valves.ErrorReportValve.invoke(Lorg/apache/catalina/connector/Request;Lorg/apache/catalina/connector/Response;)V+6
j  org.apache.catalina.core.StandardEngineValve.invoke(Lorg/apache/catalina/connector/Request;Lorg/apache/catalina/connector/Response;)V+59
j  org.apache.catalina.connector.CoyoteAdapter.service(Lorg/apache/coyote/Request;Lorg/apache/coyote/Response;)V+203
j  org.apache.coyote.http11.Http11Processor.service(Lorg/apache/tomcat/util/net/SocketWrapperBase;)Lorg/apache/tomcat/util/net/AbstractEndpoint$Handler$SocketState;+796
j  org.apache.coyote.AbstractProcessorLight.process(Lorg/apache/tomcat/util/net/SocketWrapperBase;Lorg/apache/tomcat/util/net/SocketEvent;)Lorg/apache/tomcat/util/net/AbstractEndpoint$Handler$SocketState;+170
j  org.apache.coyote.AbstractProtocol$ConnectionHandler.process(Lorg/apache/tomcat/util/net/SocketWrapperBase;Lorg/apache/tomcat/util/net/SocketEvent;)Lorg/apache/tomcat/util/net/AbstractEndpoint$Handler$SocketState;+495
j  org.apache.tomcat.util.net.NioEndpoint$SocketProcessor.doRun()V+216
j  org.apache.tomcat.util.net.SocketProcessorBase.run()V+21
j  org.apache.tomcat.util.threads.ThreadPoolExecutor.runWorker(Lorg/apache/tomcat/util/threads/ThreadPoolExecutor$Worker;)V+92
j  org.apache.tomcat.util.threads.ThreadPoolExecutor$Worker.run()V+5
j  org.apache.tomcat.util.threads.TaskThread$WrappingRunnable.run()V+4
j  java.lang.Thread.run()V+11 java.base@17.0.4.1
v  ~StubRoutines::call_stub

siginfo: EXCEPTION_ACCESS_VIOLATION (0xc0000005), writing address 0x0000000100000009


Register to memory mapping:

RIP=0x00007ffdf005faad ntdll.dll
RAX=0x000000302ddaf000 points into unknown readable memory: 0x0000000000000000 | 00 00 00 00 00 00 00 00
RBX=0x00000140fd1baad8 points into unknown readable memory: 0x00000140fd1b7748 | 48 77 1b fd 40 01 00 00
RCX=0x0000000100000001 is an unknown value
RDX=0x00000030307fa9d0 is pointing into the stack for thread: 0x00000140fe88da40
RSP=0x00000030307fa890 is pointing into the stack for thread: 0x00000140fe88da40
RBP=0x00000030307fa9a0 is pointing into the stack for thread: 0x00000140fe88da40
RSI=0x00000140fd1b7748 points into unknown readable memory: 0x00000140fd1baf88 | 88 af 1b fd 40 01 00 00
RDI=0x0 is NULL
R8 =0x00000140fd1baad8 points into unknown readable memory: 0x00000140fd1b7748 | 48 77 1b fd 40 01 00 00
R9 =0x0000000000000001 is an unknown value
R10=0x00000140f2bbdafd is at code_begin+1149 in an Interpreter codelet
method entry point (kind = native_synchronized)  [0x00000140f2bbd680, 0x00000140f2bbe0e0]  2656 bytes
R11=0x0000000000000121 is an unknown value
R12=0x0 is NULL
R13={method} {0x00000140ff9bd800} 'reset' '(J)I' in 'org/sqlite/core/NativeDB'
R14=0x00000030307fa9d0 is pointing into the stack for thread: 0x00000140fe88da40
R15=0x00000140fe88da40 is a thread


Registers:
RAX=0x000000302ddaf000, RBX=0x00000140fd1baad8, RCX=0x0000000100000001, RDX=0x00000030307fa9d0
RSP=0x00000030307fa890, RBP=0x00000030307fa9a0, RSI=0x00000140fd1b7748, RDI=0x0000000000000000
R8 =0x00000140fd1baad8, R9 =0x0000000000000001, R10=0x00000140f2bbdafd, R11=0x0000000000000121
R12=0x0000000000000000, R13=0x00000140ff9bd7f8, R14=0x00000030307fa9d0, R15=0x00000140fe88da40
RIP=0x00007ffdf005faad, EFLAGS=0x0000000000010206

Top of Stack: (sp=0x00000030307fa890)
0x00000030307fa890:   00000140ff9bd7f8 0000000000000000
0x00000030307fa8a0:   00000140fe88da40 00000030307fa948
0x00000030307fa8b0:   00000140fe659728 0000000070c17edc
0x00000030307fa8c0:   00000140fe659700 0000000000000002
0x00000030307fa8d0:   00000140fe5c28a0 00000030307fa948
0x00000030307fa8e0:   00000140fe5c2ce0 00007ffdbb9fdd50
0x00000030307fa8f0:   00000140fe88da40 00000140ff9bd7f8
0x00000030307fa900:   0000000000000000 00000140f2bbdb2c
0x00000030307fa910:   0000000000000000 00000140f2bbd88b
0x00000030307fa920:   00000140ff9bd7f8 00000030307fa9a0
0x00000030307fa930:   0000000000000000 00000030307fa9b0
0x00000030307fa940:   00000140f2bbd832 0000000000000003
0x00000030307fa950:   00000000a1ee3db0 00000030307fa948
0x00000030307fa960:   00000140ff9bd7f8 00000030307fa9d0
0x00000030307fa970:   00000140ffa0a4d0 0000000000000000
0x00000030307fa980:   00000000a2194368 00000140ff9bd7f8 

Instructions: (pc=0x00007ffdf005faad)
0x00007ffdf005f9ad:   48 b8 7f 7f 7f 7f 7f 7f 7f 7f 41 8b c8 48 0b cb
0x00007ffdf005f9bd:   48 23 c8 83 e6 1f 49 89 8c f4 40 a5 16 00 48 81
0x00007ffdf005f9cd:   c4 98 00 00 00 41 5f 41 5e 41 5d 41 5c 5f 5e 5b
0x00007ffdf005f9dd:   5d c3 cc 33 d2 41 8b c6 41 f7 f0 44 8b c8 e9 d6
0x00007ffdf005f9ed:   fc ff ff 41 8d 57 ff 41 85 d7 0f 84 53 38 08 00
0x00007ffdf005f9fd:   41 b8 00 10 00 00 41 b9 ff ff 00 00 e9 7c 38 08
0x00007ffdf005fa0d:   00 cc cc cc cc cc cc 48 8b c4 48 89 58 08 48 89
0x00007ffdf005fa1d:   68 10 48 89 70 18 48 89 78 20 41 56 48 83 ec 20
0x00007ffdf005fa2d:   40 8a ea 4c 8d 35 99 d1 13 00 48 8b f1 33 db 48
0x00007ffdf005fa3d:   8d 0d 9d d1 13 00 e8 58 00 00 00 4c 8b 05 81 d1
0x00007ffdf005fa4d:   13 00 4d 3b c6 0f 85 48 3b 08 00 48 85 db 75 33
0x00007ffdf005fa5d:   48 8d 0d 7c d1 13 00 e8 c7 f7 ff ff 48 85 db 0f
0x00007ffdf005fa6d:   85 63 3b 08 00 33 c0 48 8b 5c 24 30 48 8b 6c 24
0x00007ffdf005fa7d:   38 48 8b 74 24 40 48 8b 7c 24 48 48 83 c4 20 41
0x00007ffdf005fa8d:   5e c3 cc f0 ff 43 3c eb c7 cc cc cc cc cc cc cc
0x00007ffdf005fa9d:   cc cc cc 48 83 ec 28 65 48 8b 04 25 30 00 00 00
0x00007ffdf005faad:   f0 0f ba 71 08 00 48 8b 40 48 73 13 48 89 41 10
0x00007ffdf005fabd:   33 c0 c7 41 0c 01 00 00 00 48 83 c4 28 c3 cc 48
0x00007ffdf005facd:   39 41 10 75 0b ff 41 0c 33 c0 48 83 c4 28 c3 cc
0x00007ffdf005fadd:   e8 0e 00 00 00 eb e2 cc cc cc cc cc cc cc cc cc
0x00007ffdf005faed:   cc cc cc 48 89 5c 24 18 55 56 57 41 54 41 55 41
0x00007ffdf005fafd:   56 41 57 48 83 ec 20 8b 41 20 48 8b f1 48 0f ba
0x00007ffdf005fb0d:   e0 1a 0f 82 df 01 00 00 33 ff 40 32 ed 66 83 3c
0x00007ffdf005fb1d:   25 6a 03 fe 7f 01 76 19 48 8b 7e 20 48 8b c7 81
0x00007ffdf005fb2d:   e7 ff ff ff 00 25 00 00 00 02 48 85 c0 40 0f 95
0x00007ffdf005fb3d:   c5 45 32 ff b0 01 45 32 e4 41 bd 01 00 00 00 45
0x00007ffdf005fb4d:   33 c0 ba 6a 03 fe 7f 84 c0 0f 84 14 01 00 00 8b
0x00007ffdf005fb5d:   46 08 4c 8d 4e 08 45 84 e4 41 be 03 00 00 00 45
0x00007ffdf005fb6d:   0f 44 f5 41 84 c5 0f 85 e2 00 00 00 8d 0c bf 03
0x00007ffdf005fb7d:   c9 66 44 39 2a 0f 86 e8 00 00 00 4d 85 c9 74 0e
0x00007ffdf005fb8d:   80 3c 25 97 02 fe 7f 00 0f 85 69 3a 08 00 0f b7
0x00007ffdf005fb9d:   1c 25 d6 02 fe 7f 83 fb 0c 0f 85 a2 00 00 00 b8 


Stack slot to memory mapping:
stack at sp + 0 slots: {method} {0x00000140ff9bd800} 'reset' '(J)I' in 'org/sqlite/core/NativeDB'
stack at sp + 1 slots: 0x0 is NULL
stack at sp + 2 slots: 0x00000140fe88da40 is a thread
stack at sp + 3 slots: 0x00000030307fa948 is pointing into the stack for thread: 0x00000140fe88da40
stack at sp + 4 slots: 0x00000140fe659728 points into unknown readable memory: 0x00000000a1ee3db0 | b0 3d ee a1 00 00 00 00
stack at sp + 5 slots: 0x0000000070c17edc sqlite-3.36.0.3-08d39df5-8881-4877-81a9-11a03c869bb3-sqlitejdbc.dll
stack at sp + 6 slots: 0x00000140fe659700 points into unknown readable memory: 0x00000000a3635300 | 00 53 63 a3 00 00 00 00
stack at sp + 7 slots: 0x0000000000000002 is an unknown value


---------------  P R O C E S S  ---------------

Threads class SMR info:
_java_thread_list=0x00000140fe927590, length=30, elements={
0x00000140fb66fd00, 0x00000140fb672f30, 0x00000140fb689e40, 0x00000140fb68a600,
0x00000140fb68d370, 0x00000140fb68e0d0, 0x00000140fb696340, 0x00000140fb697880,
0x00000140eb40c5c0, 0x00000140fc456510, 0x00000140fc459650, 0x00000140fc8f94f0,
0x00000140fc9b50a0, 0x00000140fc9b3890, 0x00000140fc9b4230, 0x00000140fc9b33c0,
0x00000140fc9b5570, 0x00000140fc9b5a40, 0x00000140fc9b2a20, 0x00000140fc9b2080,
0x00000140fc9b2550, 0x00000140fc9b4700, 0x00000140fc9b3d60, 0x00000140fc9b2ef0,
0x00000140fc9b4bd0, 0x00000140fe88da40, 0x00000140fe890f30, 0x00000140fe88b890,
0x00000140fe88bd60, 0x00000140fe7f6840
}

Java Threads: ( => current thread )
  0x00000140fb66fd00 JavaThread "Reference Handler" daemon [_thread_blocked, id=11708, stack(0x000000302e700000,0x000000302e800000)]
  0x00000140fb672f30 JavaThread "Finalizer" daemon [_thread_blocked, id=11784, stack(0x000000302e800000,0x000000302e900000)]
  0x00000140fb689e40 JavaThread "Signal Dispatcher" daemon [_thread_blocked, id=13552, stack(0x000000302e900000,0x000000302ea00000)]
  0x00000140fb68a600 JavaThread "Attach Listener" daemon [_thread_blocked, id=11860, stack(0x000000302ea00000,0x000000302eb00000)]
  0x00000140fb68d370 JavaThread "Service Thread" daemon [_thread_blocked, id=12468, stack(0x000000302eb00000,0x000000302ec00000)]
  0x00000140fb68e0d0 JavaThread "Monitor Deflation Thread" daemon [_thread_blocked, id=1272, stack(0x000000302ec00000,0x000000302ed00000)]
  0x00000140fb696340 JavaThread "C1 CompilerThread0" daemon [_thread_blocked, id=15200, stack(0x000000302ed00000,0x000000302ee00000)]
  0x00000140fb697880 JavaThread "Sweeper thread" daemon [_thread_blocked, id=3532, stack(0x000000302ee00000,0x000000302ef00000)]
  0x00000140eb40c5c0 JavaThread "Common-Cleaner" daemon [_thread_blocked, id=12732, stack(0x000000302ef00000,0x000000302f000000)]
  0x00000140fc456510 JavaThread "Monitor Ctrl-Break" daemon [_thread_in_native, id=11036, stack(0x000000302f100000,0x000000302f200000)]
  0x00000140fc459650 JavaThread "Notification Thread" daemon [_thread_blocked, id=9596, stack(0x000000302f200000,0x000000302f300000)]
  0x00000140fc8f94f0 JavaThread "RMI TCP Accept-0" daemon [_thread_in_native, id=14552, stack(0x000000302f300000,0x000000302f400000)]
  0x00000140fc9b50a0 JavaThread "Catalina-utility-1" [_thread_blocked, id=12808, stack(0x000000302fc00000,0x000000302fd00000)]
  0x00000140fc9b3890 JavaThread "Catalina-utility-2" [_thread_blocked, id=12736, stack(0x000000302fd00000,0x000000302fe00000)]
  0x00000140fc9b4230 JavaThread "container-0" [_thread_blocked, id=5144, stack(0x000000302fe00000,0x000000302ff00000)]
  0x00000140fc9b33c0 JavaThread "Hibernate Connection Pool Validation Thread" daemon [_thread_blocked, id=10068, stack(0x000000302f000000,0x000000302f100000)]
  0x00000140fc9b5570 JavaThread "http-nio-8080-exec-1" daemon [_thread_blocked, id=13872, stack(0x000000302f500000,0x000000302f600000)]
  0x00000140fc9b5a40 JavaThread "http-nio-8080-exec-2" daemon [_thread_blocked, id=8640, stack(0x000000302ff00000,0x0000003030000000)]
  0x00000140fc9b2a20 JavaThread "http-nio-8080-exec-3" daemon [_thread_blocked, id=14704, stack(0x0000003030000000,0x0000003030100000)]
  0x00000140fc9b2080 JavaThread "http-nio-8080-exec-4" daemon [_thread_blocked, id=15232, stack(0x0000003030100000,0x0000003030200000)]
  0x00000140fc9b2550 JavaThread "http-nio-8080-exec-5" daemon [_thread_blocked, id=10856, stack(0x0000003030200000,0x0000003030300000)]
  0x00000140fc9b4700 JavaThread "http-nio-8080-exec-6" daemon [_thread_blocked, id=15256, stack(0x0000003030300000,0x0000003030400000)]
  0x00000140fc9b3d60 JavaThread "http-nio-8080-exec-7" daemon [_thread_blocked, id=9236, stack(0x0000003030400000,0x0000003030500000)]
  0x00000140fc9b2ef0 JavaThread "http-nio-8080-exec-8" daemon [_thread_blocked, id=12456, stack(0x0000003030500000,0x0000003030600000)]
  0x00000140fc9b4bd0 JavaThread "http-nio-8080-exec-9" daemon [_thread_blocked, id=14048, stack(0x0000003030600000,0x0000003030700000)]
=>0x00000140fe88da40 JavaThread "http-nio-8080-exec-10" daemon [_thread_in_native, id=9072, stack(0x0000003030700000,0x0000003030800000)]
  0x00000140fe890f30 JavaThread "http-nio-8080-Poller" daemon [_thread_in_native, id=14436, stack(0x0000003030800000,0x0000003030900000)]
  0x00000140fe88b890 JavaThread "http-nio-8080-Acceptor" daemon [_thread_in_native, id=14540, stack(0x0000003030900000,0x0000003030a00000)]
  0x00000140fe88bd60 JavaThread "DestroyJavaVM" [_thread_blocked, id=14372, stack(0x000000302e000000,0x000000302e100000)]
  0x00000140fe7f6840 JavaThread "C1 CompilerThread1" daemon [_thread_blocked, id=15092, stack(0x000000302de00000,0x000000302df00000)]

Other Threads:
  0x00000140fb66a560 VMThread "VM Thread" [stack: 0x000000302e600000,0x000000302e700000] [id=11944]
  0x00000140fc904a70 WatcherThread [stack: 0x000000302f400000,0x000000302f500000] [id=5880]
  0x00000140e92eed20 GCTaskThread "GC Thread#0" [stack: 0x000000302e100000,0x000000302e200000] [id=13012]
  0x00000140fcbbaf60 GCTaskThread "GC Thread#1" [stack: 0x000000302f600000,0x000000302f700000] [id=6576]
  0x00000140fcbcfde0 GCTaskThread "GC Thread#2" [stack: 0x000000302f700000,0x000000302f800000] [id=12008]
  0x00000140fcbd20a0 GCTaskThread "GC Thread#3" [stack: 0x000000302f800000,0x000000302f900000] [id=3896]
  0x00000140eb390700 ConcurrentGCThread "G1 Main Marker" [stack: 0x000000302e200000,0x000000302e300000] [id=3076]
  0x00000140eb391110 ConcurrentGCThread "G1 Conc#0" [stack: 0x000000302e300000,0x000000302e400000] [id=10488]
  0x00000140eb3f5010 ConcurrentGCThread "G1 Refine#0" [stack: 0x000000302e400000,0x000000302e500000] [id=9840]
  0x00000140fcbc3670 ConcurrentGCThread "G1 Refine#1" [stack: 0x000000302f900000,0x000000302fa00000] [id=11660]
  0x00000140fc2df320 ConcurrentGCThread "G1 Refine#2" [stack: 0x000000302fa00000,0x000000302fb00000] [id=11612]
  0x00000140eb3f7650 ConcurrentGCThread "G1 Service" [stack: 0x000000302e500000,0x000000302e600000] [id=13172]

Threads with active compile tasks:

VM state: not at safepoint (normal execution)

VM Mutex/Monitor currently owned by a thread: None

Heap address: 0x00000000a1800000, size: 1512 MB, Compressed Oops mode: 32-bit

CDS archive(s) mapped at: [0x0000000800000000-0x0000000800bc0000-0x0000000800bc0000), size 12320768, SharedBaseAddress: 0x0000000800000000, ArchiveRelocationMode: 0.
Compressed class space mapped at: 0x0000000800c00000-0x0000000840c00000, reserved size: 1073741824
Narrow klass base: 0x0000000800000000, Narrow klass shift: 0, Narrow klass range: 0x100000000

GC Precious Log:
 CPUs: 4 total, 4 available
 Memory: 6042M
 Large Page Support: Disabled
 NUMA Support: Disabled
 Compressed Oops: Enabled (32-bit)
 Heap Region Size: 1M
 Heap Min Capacity: 8M
 Heap Initial Capacity: 96M
 Heap Max Capacity: 1512M
 Pre-touch: Disabled
 Parallel Workers: 4
 Concurrent Workers: 1
 Concurrent Refinement Workers: 4
 Periodic GC: Disabled

Heap:
 garbage-first heap   total 48128K, used 23169K [0x00000000a1800000, 0x0000000100000000)
  region size 1024K, 6 young (6144K), 2 survivors (2048K)
 Metaspace       used 55068K, committed 55488K, reserved 1097728K
  class space    used 7696K, committed 7872K, reserved 1048576K

Heap Regions: E=young(eden), S=young(survivor), O=old, HS=humongous(starts), HC=humongous(continues), CS=collection set, F=free, OA=open archive, CA=closed archive, TAMS=top-at-mark-start (previous, next)
|   0|0x00000000a1800000, 0x00000000a1900000, 0x00000000a1900000|100%|HS|  |TAMS 0x00000000a1900000, 0x00000000a1800000| Complete 
|   1|0x00000000a1900000, 0x00000000a1a00000, 0x00000000a1a00000|100%| O|  |TAMS 0x00000000a1a00000, 0x00000000a1900000| Untracked 
|   2|0x00000000a1a00000, 0x00000000a1b00000, 0x00000000a1b00000|100%| O|  |TAMS 0x00000000a1b00000, 0x00000000a1a00000| Untracked 
|   3|0x00000000a1b00000, 0x00000000a1c00000, 0x00000000a1c00000|100%| O|  |TAMS 0x00000000a1c00000, 0x00000000a1b00000| Untracked 
|   4|0x00000000a1c00000, 0x00000000a1d00000, 0x00000000a1d00000|100%| O|  |TAMS 0x00000000a1d00000, 0x00000000a1c00000| Untracked 
|   5|0x00000000a1d00000, 0x00000000a1e00000, 0x00000000a1e00000|100%| O|  |TAMS 0x00000000a1e00000, 0x00000000a1d00000| Untracked 
|   6|0x00000000a1e00000, 0x00000000a1f00000, 0x00000000a1f00000|100%| O|  |TAMS 0x00000000a1e00000, 0x00000000a1e00000| Untracked 
|   7|0x00000000a1f00000, 0x00000000a2000000, 0x00000000a2000000|100%| O|  |TAMS 0x00000000a2000000, 0x00000000a1f00000| Untracked 
|   8|0x00000000a2000000, 0x00000000a2100000, 0x00000000a2100000|100%| O|  |TAMS 0x00000000a2100000, 0x00000000a2000000| Untracked 
|   9|0x00000000a2100000, 0x00000000a2200000, 0x00000000a2200000|100%| O|  |TAMS 0x00000000a2100000, 0x00000000a2100000| Untracked 
|  10|0x00000000a2200000, 0x00000000a2300000, 0x00000000a2300000|100%| O|  |TAMS 0x00000000a2200000, 0x00000000a2200000| Untracked 
|  11|0x00000000a2300000, 0x00000000a2400000, 0x00000000a2400000|100%| O|  |TAMS 0x00000000a2300000, 0x00000000a2300000| Untracked 
|  12|0x00000000a2400000, 0x00000000a24a0600, 0x00000000a2500000| 62%| O|  |TAMS 0x00000000a2400000, 0x00000000a2400000| Untracked 
|  13|0x00000000a2500000, 0x00000000a2500000, 0x00000000a2600000|  0%| F|  |TAMS 0x00000000a2500000, 0x00000000a2500000| Untracked 
|  14|0x00000000a2600000, 0x00000000a2600000, 0x00000000a2700000|  0%| F|  |TAMS 0x00000000a2600000, 0x00000000a2600000| Untracked 
|  15|0x00000000a2700000, 0x00000000a2800000, 0x00000000a2800000|100%| O|  |TAMS 0x00000000a2800000, 0x00000000a2700000| Untracked 
|  16|0x00000000a2800000, 0x00000000a2900000, 0x00000000a2900000|100%| O|  |TAMS 0x00000000a2900000, 0x00000000a2800000| Untracked 
|  17|0x00000000a2900000, 0x00000000a2a00000, 0x00000000a2a00000|100%| O|  |TAMS 0x00000000a2a00000, 0x00000000a2900000| Untracked 
|  18|0x00000000a2a00000, 0x00000000a2b00000, 0x00000000a2b00000|100%| O|  |TAMS 0x00000000a2b00000, 0x00000000a2a00000| Untracked 
|  19|0x00000000a2b00000, 0x00000000a2c00000, 0x00000000a2c00000|100%| O|  |TAMS 0x00000000a2c00000, 0x00000000a2b00000| Untracked 
|  20|0x00000000a2c00000, 0x00000000a2d00000, 0x00000000a2d00000|100%| O|  |TAMS 0x00000000a2cb9e00, 0x00000000a2c00000| Untracked 
|  21|0x00000000a2d00000, 0x00000000a2d00000, 0x00000000a2e00000|  0%| F|  |TAMS 0x00000000a2d00000, 0x00000000a2d00000| Untracked 
|  22|0x00000000a2e00000, 0x00000000a2e00000, 0x00000000a2f00000|  0%| F|  |TAMS 0x00000000a2e00000, 0x00000000a2e00000| Untracked 
|  23|0x00000000a2f00000, 0x00000000a2f00000, 0x00000000a3000000|  0%| F|  |TAMS 0x00000000a2f00000, 0x00000000a2f00000| Untracked 
|  24|0x00000000a3000000, 0x00000000a3000000, 0x00000000a3100000|  0%| F|  |TAMS 0x00000000a3000000, 0x00000000a3000000| Untracked 
|  25|0x00000000a3100000, 0x00000000a3100000, 0x00000000a3200000|  0%| F|  |TAMS 0x00000000a3100000, 0x00000000a3100000| Untracked 
|  26|0x00000000a3200000, 0x00000000a3200000, 0x00000000a3300000|  0%| F|  |TAMS 0x00000000a3200000, 0x00000000a3200000| Untracked 
|  27|0x00000000a3300000, 0x00000000a3400000, 0x00000000a3400000|100%| S|CS|TAMS 0x00000000a3300000, 0x00000000a3300000| Complete 
|  28|0x00000000a3400000, 0x00000000a3400000, 0x00000000a3500000|  0%| F|  |TAMS 0x00000000a3400000, 0x00000000a3400000| Untracked 
|  29|0x00000000a3500000, 0x00000000a3500000, 0x00000000a3600000|  0%| F|  |TAMS 0x00000000a3500000, 0x00000000a3500000| Untracked 
|  30|0x00000000a3600000, 0x00000000a3700000, 0x00000000a3700000|100%| S|CS|TAMS 0x00000000a3600000, 0x00000000a3600000| Complete 
|  31|0x00000000a3700000, 0x00000000a3700000, 0x00000000a3800000|  0%| F|  |TAMS 0x00000000a3700000, 0x00000000a3700000| Untracked 
|  32|0x00000000a3800000, 0x00000000a3800000, 0x00000000a3900000|  0%| F|  |TAMS 0x00000000a3800000, 0x00000000a3800000| Untracked 
|  33|0x00000000a3900000, 0x00000000a3900000, 0x00000000a3a00000|  0%| F|  |TAMS 0x00000000a3900000, 0x00000000a3900000| Untracked 
|  34|0x00000000a3a00000, 0x00000000a3a00000, 0x00000000a3b00000|  0%| F|  |TAMS 0x00000000a3a00000, 0x00000000a3a00000| Untracked 
|  35|0x00000000a3b00000, 0x00000000a3b00000, 0x00000000a3c00000|  0%| F|  |TAMS 0x00000000a3b00000, 0x00000000a3b00000| Untracked 
|  36|0x00000000a3c00000, 0x00000000a3c00000, 0x00000000a3d00000|  0%| F|  |TAMS 0x00000000a3c00000, 0x00000000a3c00000| Untracked 
|  37|0x00000000a3d00000, 0x00000000a3d00000, 0x00000000a3e00000|  0%| F|  |TAMS 0x00000000a3d00000, 0x00000000a3d00000| Untracked 
|  38|0x00000000a3e00000, 0x00000000a3e00000, 0x00000000a3f00000|  0%| F|  |TAMS 0x00000000a3e00000, 0x00000000a3e00000| Untracked 
|  39|0x00000000a3f00000, 0x00000000a3f00000, 0x00000000a4000000|  0%| F|  |TAMS 0x00000000a3f00000, 0x00000000a3f00000| Untracked 
|  40|0x00000000a4000000, 0x00000000a4000000, 0x00000000a4100000|  0%| F|  |TAMS 0x00000000a4000000, 0x00000000a4000000| Untracked 
|  41|0x00000000a4100000, 0x00000000a4100000, 0x00000000a4200000|  0%| F|  |TAMS 0x00000000a4100000, 0x00000000a4100000| Untracked 
|  42|0x00000000a4200000, 0x00000000a4200000, 0x00000000a4300000|  0%| F|  |TAMS 0x00000000a4200000, 0x00000000a4200000| Untracked 
|  43|0x00000000a4300000, 0x00000000a43cc258, 0x00000000a4400000| 79%| E|  |TAMS 0x00000000a4300000, 0x00000000a4300000| Complete 
|  44|0x00000000a4400000, 0x00000000a4500000, 0x00000000a4500000|100%| E|CS|TAMS 0x00000000a4400000, 0x00000000a4400000| Complete 
|  45|0x00000000a4500000, 0x00000000a4600000, 0x00000000a4600000|100%| E|CS|TAMS 0x00000000a4500000, 0x00000000a4500000| Complete 
|  95|0x00000000a7700000, 0x00000000a7800000, 0x00000000a7800000|100%| E|  |TAMS 0x00000000a7700000, 0x00000000a7700000| Complete 

Card table byte_map: [0x00000140f5bb0000,0x00000140f5eb0000] _byte_map_base: 0x00000140f56a4000

Marking Bits (Prev, Next): (CMBitMap*) 0x00000140eb3840d0, (CMBitMap*) 0x00000140eb384110
 Prev Bits: [0x00000140f61b0000, 0x00000140f7950000)
 Next Bits: [0x00000140f7950000, 0x00000140f90f0000)

Polling page: 0x00000140eab10000

Metaspace:

Usage:
  Non-class:     46.26 MB used.
      Class:      7.52 MB used.
       Both:     53.78 MB used.

Virtual space:
  Non-class space:       48.00 MB reserved,      46.50 MB ( 97%) committed,  6 nodes.
      Class space:        1.00 GB reserved,       7.69 MB ( <1%) committed,  1 nodes.
             Both:        1.05 GB reserved,      54.19 MB (  5%) committed. 

Chunk freelists:
   Non-Class:  1.36 MB
       Class:  223.00 KB
        Both:  1.57 MB

MaxMetaspaceSize: unlimited
CompressedClassSpaceSize: 1.00 GB
Initial GC threshold: 21.00 MB
Current GC threshold: 59.50 MB
CDS: on
MetaspaceReclaimPolicy: balanced
 - commit_granule_bytes: 65536.
 - commit_granule_words: 8192.
 - virtual_space_node_default_size: 1048576.
 - enlarge_chunks_in_place: 1.
 - new_chunks_are_fully_committed: 0.
 - uncommit_free_chunks: 1.
 - use_allocation_guard: 0.
 - handle_deallocations: 1.


Internal statistics:

num_allocs_failed_limit: 6.
num_arena_births: 468.
num_arena_deaths: 0.
num_vsnodes_births: 7.
num_vsnodes_deaths: 0.
num_space_committed: 867.
num_space_uncommitted: 0.
num_chunks_returned_to_freelist: 6.
num_chunks_taken_from_freelist: 2316.
num_chunk_merges: 6.
num_chunk_splits: 1685.
num_chunks_enlarged: 1361.
num_purges: 0.
num_inconsistent_stats: 0.

CodeCache: size=49152Kb used=8255Kb max_used=8255Kb free=40896Kb
 bounds [0x00000140f2bb0000, 0x00000140f3420000, 0x00000140f5bb0000]
 total_blobs=4802 nmethods=4175 adapters=553
 compilation: enabled
              stopped_count=0, restarted_count=0
 full_count=0

Compilation events (20 events):
Event: 118.116 Thread 0x00000140fe7f6840 nmethod 4165 0x00000140f3348010 code [0x00000140f33481a0, 0x00000140f3348278]
Event: 118.116 Thread 0x00000140fb696340 nmethod 4166 0x00000140f3347c90 code [0x00000140f3347e20, 0x00000140f3347f78]
Event: 118.116 Thread 0x00000140fe7f6840 4167       1       java.lang.ThreadLocal::set (30 bytes)
Event: 118.116 Thread 0x00000140fb696340 4168       1       org.apache.catalina.connector.Request::getRequestURI (11 bytes)
Event: 118.117 Thread 0x00000140fb696340 nmethod 4168 0x00000140f3347910 code [0x00000140f3347aa0, 0x00000140f3347b88]
Event: 118.117 Thread 0x00000140fb696340 4170       1       org.springframework.util.AntPathMatcher::skipSeparator (30 bytes)
Event: 118.117 Thread 0x00000140fe7f6840 nmethod 4167 0x00000140f3347490 code [0x00000140f3347640, 0x00000140f33477e8]
Event: 118.117 Thread 0x00000140fe7f6840 4169       1       org.apache.catalina.connector.RequestFacade::getRequestURI (31 bytes)
Event: 118.118 Thread 0x00000140fb696340 nmethod 4170 0x00000140f3347010 code [0x00000140f33471a0, 0x00000140f3347308]
Event: 118.118 Thread 0x00000140fe7f6840 nmethod 4169 0x00000140f3346b10 code [0x00000140f3346cc0, 0x00000140f3346e88]
Event: 118.118 Thread 0x00000140fb696340 4172       1       org.springframework.expression.spel.support.ReflectivePropertyAccessor::lambda$null$0 (28 bytes)
Event: 118.118 Thread 0x00000140fe7f6840 4171       1       org.springframework.expression.spel.support.ReflectivePropertyAccessor$$Lambda$846/0x0000000801373cb8::compare (12 bytes)
Event: 118.119 Thread 0x00000140fb696340 nmethod 4172 0x00000140f3346790 code [0x00000140f3346920, 0x00000140f3346a58]
Event: 118.119 Thread 0x00000140fe7f6840 nmethod 4171 0x00000140f3346310 code [0x00000140f33464a0, 0x00000140f3346678]
Event: 118.119 Thread 0x00000140fb696340 4173       1       org.springframework.http.HttpMethod::matches (9 bytes)
Event: 118.119 Thread 0x00000140fe7f6840 4174       1       java.util.Comparator$$Lambda$759/0x00000008012c2608::compare (16 bytes)
Event: 118.120 Thread 0x00000140fb696340 nmethod 4173 0x00000140f3346010 code [0x00000140f33461a0, 0x00000140f3346288]
Event: 118.120 Thread 0x00000140fb696340 4175       1       java.util.Comparator::lambda$thenComparing$36697e65$1 (29 bytes)
Event: 118.120 Thread 0x00000140fe7f6840 nmethod 4174 0x00000140f3345b90 code [0x00000140f3345d40, 0x00000140f3345ef8]
Event: 118.120 Thread 0x00000140fb696340 nmethod 4175 0x00000140f3345810 code [0x00000140f33459c0, 0x00000140f3345af8]

GC Heap History (20 events):
Event: 15.796 GC heap before
{Heap before GC invocations=3 (full 0):
 garbage-first heap   total 98304K, used 58980K [0x00000000a1800000, 0x0000000100000000)
  region size 1024K, 54 young (55296K), 3 survivors (3072K)
 Metaspace       used 21231K, committed 21504K, reserved 1073152K
  class space    used 2872K, committed 3008K, reserved 1048576K
}
Event: 15.824 GC heap after
{Heap after GC invocations=4 (full 0):
 garbage-first heap   total 98304K, used 11926K [0x00000000a1800000, 0x0000000100000000)
  region size 1024K, 6 young (6144K), 6 survivors (6144K)
 Metaspace       used 21231K, committed 21504K, reserved 1073152K
  class space    used 2872K, committed 3008K, reserved 1048576K
}
Event: 18.103 GC heap before
{Heap before GC invocations=5 (full 0):
 garbage-first heap   total 48128K, used 37526K [0x00000000a1800000, 0x0000000100000000)
  region size 1024K, 32 young (32768K), 6 survivors (6144K)
 Metaspace       used 26163K, committed 26496K, reserved 1073152K
  class space    used 3530K, committed 3712K, reserved 1048576K
}
Event: 18.122 GC heap after
{Heap after GC invocations=6 (full 0):
 garbage-first heap   total 48128K, used 14270K [0x00000000a1800000, 0x0000000100000000)
  region size 1024K, 6 young (6144K), 6 survivors (6144K)
 Metaspace       used 26163K, committed 26496K, reserved 1073152K
  class space    used 3530K, committed 3712K, reserved 1048576K
}
Event: 18.347 GC heap before
{Heap before GC invocations=6 (full 0):
 garbage-first heap   total 48128K, used 14270K [0x00000000a1800000, 0x0000000100000000)
  region size 1024K, 7 young (7168K), 6 survivors (6144K)
 Metaspace       used 26348K, committed 26688K, reserved 1073152K
  class space    used 3552K, committed 3712K, reserved 1048576K
}
Event: 18.367 GC heap after
{Heap after GC invocations=7 (full 0):
 garbage-first heap   total 48128K, used 15071K [0x00000000a1800000, 0x0000000100000000)
  region size 1024K, 1 young (1024K), 1 survivors (1024K)
 Metaspace       used 26348K, committed 26688K, reserved 1073152K
  class space    used 3552K, committed 3712K, reserved 1048576K
}
Event: 20.271 GC heap before
{Heap before GC invocations=7 (full 0):
 garbage-first heap   total 48128K, used 32479K [0x00000000a1800000, 0x0000000100000000)
  region size 1024K, 19 young (19456K), 1 survivors (1024K)
 Metaspace       used 31170K, committed 31552K, reserved 1081344K
  class space    used 4282K, committed 4480K, reserved 1048576K
}
Event: 20.274 GC heap after
{Heap after GC invocations=8 (full 0):
 garbage-first heap   total 48128K, used 15211K [0x00000000a1800000, 0x0000000100000000)
  region size 1024K, 2 young (2048K), 2 survivors (2048K)
 Metaspace       used 31170K, committed 31552K, reserved 1081344K
  class space    used 4282K, committed 4480K, reserved 1048576K
}
Event: 23.504 GC heap before
{Heap before GC invocations=8 (full 0):
 garbage-first heap   total 48128K, used 26475K [0x00000000a1800000, 0x0000000100000000)
  region size 1024K, 14 young (14336K), 2 survivors (2048K)
 Metaspace       used 35999K, committed 36288K, reserved 1081344K
  class space    used 4997K, committed 5120K, reserved 1048576K
}
Event: 23.507 GC heap after
{Heap after GC invocations=9 (full 0):
 garbage-first heap   total 48128K, used 15828K [0x00000000a1800000, 0x0000000100000000)
  region size 1024K, 2 young (2048K), 2 survivors (2048K)
 Metaspace       used 35999K, committed 36288K, reserved 1081344K
  class space    used 4997K, committed 5120K, reserved 1048576K
}
Event: 25.109 GC heap before
{Heap before GC invocations=10 (full 0):
 garbage-first heap   total 48128K, used 35284K [0x00000000a1800000, 0x0000000100000000)
  region size 1024K, 21 young (21504K), 2 survivors (2048K)
 Metaspace       used 40796K, committed 41152K, reserved 1089536K
  class space    used 5661K, committed 5824K, reserved 1048576K
}
Event: 25.114 GC heap after
{Heap after GC invocations=11 (full 0):
 garbage-first heap   total 48128K, used 16589K [0x00000000a1800000, 0x0000000100000000)
  region size 1024K, 2 young (2048K), 2 survivors (2048K)
 Metaspace       used 40796K, committed 41152K, reserved 1089536K
  class space    used 5661K, committed 5824K, reserved 1048576K
}
Event: 28.460 GC heap before
{Heap before GC invocations=11 (full 0):
 garbage-first heap   total 48128K, used 36045K [0x00000000a1800000, 0x0000000100000000)
  region size 1024K, 21 young (21504K), 2 survivors (2048K)
 Metaspace       used 45059K, committed 45440K, reserved 1089536K
  class space    used 6344K, committed 6464K, reserved 1048576K
}
Event: 28.464 GC heap after
{Heap after GC invocations=12 (full 0):
 garbage-first heap   total 48128K, used 17473K [0x00000000a1800000, 0x0000000100000000)
  region size 1024K, 3 young (3072K), 3 survivors (3072K)
 Metaspace       used 45059K, committed 45440K, reserved 1089536K
  class space    used 6344K, committed 6464K, reserved 1048576K
}
Event: 29.576 GC heap before
{Heap before GC invocations=12 (full 0):
 garbage-first heap   total 48128K, used 36929K [0x00000000a1800000, 0x0000000100000000)
  region size 1024K, 22 young (22528K), 3 survivors (3072K)
 Metaspace       used 48373K, committed 48768K, reserved 1097728K
  class space    used 6837K, committed 7040K, reserved 1048576K
}
Event: 29.596 GC heap after
{Heap after GC invocations=13 (full 0):
 garbage-first heap   total 48128K, used 19423K [0x00000000a1800000, 0x0000000100000000)
  region size 1024K, 3 young (3072K), 3 survivors (3072K)
 Metaspace       used 48373K, committed 48768K, reserved 1097728K
  class space    used 6837K, committed 7040K, reserved 1048576K
}
Event: 84.242 GC heap before
{Heap before GC invocations=13 (full 0):
 garbage-first heap   total 48128K, used 36831K [0x00000000a1800000, 0x0000000100000000)
  region size 1024K, 20 young (20480K), 3 survivors (3072K)
 Metaspace       used 51545K, committed 51968K, reserved 1097728K
  class space    used 7236K, committed 7424K, reserved 1048576K
}
Event: 84.249 GC heap after
{Heap after GC invocations=14 (full 0):
 garbage-first heap   total 48128K, used 20343K [0x00000000a1800000, 0x0000000100000000)
  region size 1024K, 2 young (2048K), 2 survivors (2048K)
 Metaspace       used 51545K, committed 51968K, reserved 1097728K
  class space    used 7236K, committed 7424K, reserved 1048576K
}
Event: 98.627 GC heap before
{Heap before GC invocations=14 (full 0):
 garbage-first heap   total 48128K, used 35703K [0x00000000a1800000, 0x0000000100000000)
  region size 1024K, 18 young (18432K), 2 survivors (2048K)
 Metaspace       used 54515K, committed 54976K, reserved 1097728K
  class space    used 7611K, committed 7808K, reserved 1048576K
}
Event: 98.633 GC heap after
{Heap after GC invocations=15 (full 0):
 garbage-first heap   total 48128K, used 21121K [0x00000000a1800000, 0x0000000100000000)
  region size 1024K, 2 young (2048K), 2 survivors (2048K)
 Metaspace       used 54515K, committed 54976K, reserved 1097728K
  class space    used 7611K, committed 7808K, reserved 1048576K
}

Deoptimization events (8 events):
Event: 11.574 Thread 0x00000140eb33cb50 DEOPT PACKING pc=0x00000140f3087719 sp=0x000000302e0fd1d0
Event: 11.574 Thread 0x00000140eb33cb50 DEOPT UNPACKING pc=0x00000140f2c02b43 sp=0x000000302e0fc6b0 mode 3
Event: 17.563 Thread 0x00000140eb33cb50 DEOPT PACKING pc=0x00000140f327b41d sp=0x000000302e0fc470
Event: 17.563 Thread 0x00000140eb33cb50 DEOPT UNPACKING pc=0x00000140f2c02b43 sp=0x000000302e0fb9d8 mode 3
Event: 17.614 Thread 0x00000140eb33cb50 DEOPT PACKING pc=0x00000140f30a6281 sp=0x000000302e0fe6e0
Event: 17.614 Thread 0x00000140eb33cb50 DEOPT UNPACKING pc=0x00000140f2c02b43 sp=0x000000302e0fdb70 mode 3
Event: 17.614 Thread 0x00000140fc9b50a0 DEOPT PACKING pc=0x00000140f3064f97 sp=0x000000302fcfece0
Event: 17.614 Thread 0x00000140fc9b50a0 DEOPT UNPACKING pc=0x00000140f2c02b43 sp=0x000000302fcfe138 mode 3

Classes unloaded (0 events):
No events

Classes redefined (0 events):
No events

Internal exceptions (20 events):
Event: 28.556 Thread 0x00000140eb33cb50 Exception <a 'java/lang/ClassNotFoundException'{0x00000000a4489c68}: org/springframework/security/config/annotation/web/configuration/WebSecurityConfigurationCustomizer> (0x00000000a4489c68) 
thrown [s\open\src\hotspot\share\classfile\systemDictionary.cpp, line 256]
Event: 28.557 Thread 0x00000140eb33cb50 Exception <a 'java/lang/ClassNotFoundException'{0x00000000a4499028}: org/springframework/context/annotation/ImportAwareCustomizer> (0x00000000a4499028) 
thrown [s\open\src\hotspot\share\classfile\systemDictionary.cpp, line 256]
Event: 28.557 Thread 0x00000140eb33cb50 Exception <a 'java/lang/ClassNotFoundException'{0x00000000a449ed60}: org/springframework/beans/factory/AwareCustomizer> (0x00000000a449ed60) 
thrown [s\open\src\hotspot\share\classfile\systemDictionary.cpp, line 256]
Event: 28.557 Thread 0x00000140eb33cb50 Exception <a 'java/lang/ClassNotFoundException'{0x00000000a44a3b70}: org/springframework/beans/factory/BeanClassLoaderAwareCustomizer> (0x00000000a44a3b70) 
thrown [s\open\src\hotspot\share\classfile\systemDictionary.cpp, line 256]
Event: 28.558 Thread 0x00000140eb33cb50 Exception <a 'java/lang/ClassNotFoundException'{0x00000000a44a9e88}: org/springframework/beans/factory/AwareCustomizer> (0x00000000a44a9e88) 
thrown [s\open\src\hotspot\share\classfile\systemDictionary.cpp, line 256]
Event: 29.049 Thread 0x00000140eb33cb50 Exception <a 'java/lang/NoSuchMethodError'{0x00000000a3ef34c0}: 'java.lang.Object java.lang.invoke.DirectMethodHandle$Holder.newInvokeSpecial(java.lang.Object, java.lang.Object, long)'> (0x00000000a3ef34c0) 
thrown [s\open\src\hotspot\share\interpreter\linkResolver.cpp, line 759]
Event: 29.049 Thread 0x00000140eb33cb50 Exception <a 'java/lang/NoSuchMethodError'{0x00000000a3ef7030}: 'java.lang.Object java.lang.invoke.Invokers$Holder.linkToTargetMethod(java.lang.Object, long, java.lang.Object)'> (0x00000000a3ef7030) 
thrown [s\open\src\hotspot\share\interpreter\linkResolver.cpp, line 759]
Event: 29.162 Thread 0x00000140eb33cb50 Exception <a 'java/lang/ClassNotFoundException'{0x00000000a3b15c98}: java/lang/ObjectCustomizer> (0x00000000a3b15c98) 
thrown [s\open\src\hotspot\share\classfile\systemDictionary.cpp, line 256]
Event: 29.162 Thread 0x00000140eb33cb50 Exception <a 'java/lang/ClassNotFoundException'{0x00000000a3b1e8d8}: org/springframework/security/config/annotation/web/configuration/HttpSecurityConfigurationCustomizer> (0x00000000a3b1e8d8) 
thrown [s\open\src\hotspot\share\classfile\systemDictionary.cpp, line 256]
Event: 29.281 Thread 0x00000140eb33cb50 Exception <a 'java/lang/NoSuchMethodError'{0x00000000a3745a68}: 'void java.lang.invoke.DirectMethodHandle$Holder.invokeVirtual(java.lang.Object, java.lang.Object, int)'> (0x00000000a3745a68) 
thrown [s\open\src\hotspot\share\interpreter\linkResolver.cpp, line 759]
Event: 29.283 Thread 0x00000140eb33cb50 Exception <a 'java/lang/NoSuchMethodError'{0x00000000a3760768}: 'void java.lang.invoke.DirectMethodHandle$Holder.invokeVirtual(java.lang.Object, java.lang.Object, long)'> (0x00000000a3760768) 
thrown [s\open\src\hotspot\share\interpreter\linkResolver.cpp, line 759]
Event: 29.736 Thread 0x00000140eb33cb50 Exception <a 'java/lang/IncompatibleClassChangeError'{0x00000000a456cbf8}: Found class java.lang.Object, but interface was expected> (0x00000000a456cbf8) 
thrown [s\open\src\hotspot\share\interpreter\linkResolver.cpp, line 826]
Event: 29.808 Thread 0x00000140eb33cb50 Exception <a 'java/lang/NoSuchMethodError'{0x00000000a44ae6c8}: 'int java.lang.invoke.DirectMethodHandle$Holder.invokeStaticInit(java.lang.Object, java.lang.Object, java.lang.Object, java.lang.Object)'> (0x00000000a44ae6c8) 
thrown [s\open\src\hotspot\share\interpreter\linkResolver.cpp, line 759]
Event: 29.899 Thread 0x00000140eb33cb50 Exception <a 'java/lang/NoSuchMethodError'{0x00000000a410fa20}: 'java.lang.Object java.lang.invoke.DirectMethodHandle$Holder.invokeSpecial(java.lang.Object, java.lang.Object, int, java.lang.Object, int, java.lang.Object)'> (0x00000000a410fa20) 
thrown [s\open\src\hotspot\share\interpreter\linkResolver.cpp, line 759]
Event: 29.899 Thread 0x00000140eb33cb50 Exception <a 'java/lang/NoSuchMethodError'{0x00000000a4117820}: 'java.lang.Object java.lang.invoke.DirectMethodHandle$Holder.newInvokeSpecial(java.lang.Object, java.lang.Object, int, java.lang.Object, int)'> (0x00000000a4117820) 
thrown [s\open\src\hotspot\share\interpreter\linkResolver.cpp, line 759]
Event: 29.900 Thread 0x00000140eb33cb50 Exception <a 'java/lang/NoSuchMethodError'{0x00000000a411b920}: 'java.lang.Object java.lang.invoke.DirectMethodHandle$Holder.invokeSpecial(java.lang.Object, java.lang.Object, java.lang.Object, int, java.lang.Object, int)'> (0x00000000a411b920) 
thrown [s\open\src\hotspot\share\interpreter\linkResolver.cpp, line 759]
Event: 96.163 Thread 0x00000140fc9b2a20 Exception <a 'java/lang/NoSuchMethodError'{0x00000000a3c686d0}: 'java.lang.Object java.lang.invoke.DirectMethodHandle$Holder.invokeStatic(java.lang.Object, int, java.lang.Object)'> (0x00000000a3c686d0) 
thrown [s\open\src\hotspot\share\interpreter\linkResolver.cpp, line 759]
Event: 96.260 Thread 0x00000140fc9b2a20 Exception <a 'sun/nio/fs/WindowsException'{0x00000000a3cbe058}> (0x00000000a3cbe058) 
thrown [s\open\src\hotspot\share\prims\jni.cpp, line 516]
Event: 116.498 Thread 0x00000140fc9b4700 Exception <a 'java/lang/reflect/InvocationTargetException'{0x00000000a4482ee8}> (0x00000000a4482ee8) 
thrown [s\open\src\hotspot\share\runtime\reflection.cpp, line 1121]
Event: 116.661 Thread 0x00000140fc9b4700 Exception <a 'java/lang/NoClassDefFoundError'{0x00000000a44b88a8}: sun/reflect/Reflection> (0x00000000a44b88a8) 
thrown [s\open\src\hotspot\share\classfile\systemDictionary.cpp, line 245]

VM Operations (20 events):
Event: 92.604 Executing VM operation: Cleanup
Event: 92.605 Executing VM operation: Cleanup done
Event: 96.350 Executing VM operation: HandshakeAllThreads
Event: 96.350 Executing VM operation: HandshakeAllThreads done
Event: 96.350 Executing VM operation: Cleanup
Event: 96.350 Executing VM operation: Cleanup done
Event: 98.371 Executing VM operation: Cleanup
Event: 98.371 Executing VM operation: Cleanup done
Event: 98.626 Executing VM operation: G1CollectForAllocation
Event: 98.633 Executing VM operation: G1CollectForAllocation done
Event: 100.640 Executing VM operation: Cleanup
Event: 100.640 Executing VM operation: Cleanup done
Event: 104.681 Executing VM operation: Cleanup
Event: 104.681 Executing VM operation: Cleanup done
Event: 105.693 Executing VM operation: Cleanup
Event: 105.693 Executing VM operation: Cleanup done
Event: 116.789 Executing VM operation: Cleanup
Event: 116.789 Executing VM operation: Cleanup done
Event: 117.800 Executing VM operation: Cleanup
Event: 117.800 Executing VM operation: Cleanup done

Events (20 events):
Event: 96.354 loading class javax/crypto/SecretKey done
Event: 96.354 loading class javax/crypto/spec/SecretKeySpec done
Event: 96.354 loading class javax/crypto/spec/SecretKeySpec$1
Event: 96.354 loading class jdk/internal/access/JavaxCryptoSpecAccess
Event: 96.354 loading class jdk/internal/access/JavaxCryptoSpecAccess done
Event: 96.355 loading class javax/crypto/spec/SecretKeySpec$1 done
Event: 96.355 loading class com/sun/crypto/provider/HmacCore$HmacSHA256
Event: 96.369 loading class com/sun/crypto/provider/HmacCore
Event: 96.370 loading class javax/crypto/MacSpi
Event: 96.371 loading class javax/crypto/MacSpi done
Event: 96.371 loading class com/sun/crypto/provider/HmacCore done
Event: 96.371 loading class com/sun/crypto/provider/HmacCore$HmacSHA256 done
Event: 97.719 loading class java/util/Base64$Decoder
Event: 97.808 loading class java/util/Base64$Decoder done
Event: 103.029 Thread 0x00000140fe245860 Thread exited: 0x00000140fe245860
Event: 116.661 loading class sun/reflect/Reflection
Event: 116.661 loading class sun/reflect/Reflection done
Event: 116.664 loading class jdk/internal/loader/BootLoader$PackageHelper
Event: 116.677 loading class jdk/internal/loader/BootLoader$PackageHelper done
Event: 117.891 Thread 0x00000140fe7f6840 Thread added: 0x00000140fe7f6840


Dynamic libraries:
0x00007ff72d820000 - 0x00007ff72d830000 	C:\Program Files\Java\jdk-17.0.4.1\bin\java.exe
0x00007ffdf0030000 - 0x00007ffdf0228000 	C:\WINDOWS\SYSTEM32\ntdll.dll
0x00007ffdef4a0000 - 0x00007ffdef55f000 	C:\WINDOWS\System32\KERNEL32.DLL
0x00007ffdedc20000 - 0x00007ffdedefa000 	C:\WINDOWS\System32\KERNELBASE.dll
0x00007ffdedf90000 - 0x00007ffdee090000 	C:\WINDOWS\System32\ucrtbase.dll
0x00007ffde7b10000 - 0x00007ffde7b28000 	C:\Program Files\Java\jdk-17.0.4.1\bin\jli.dll
0x00007ffdee390000 - 0x00007ffdee43e000 	C:\WINDOWS\System32\ADVAPI32.dll
0x00007ffdee220000 - 0x00007ffdee2be000 	C:\WINDOWS\System32\msvcrt.dll
0x00007ffdee720000 - 0x00007ffdee7bc000 	C:\WINDOWS\System32\sechost.dll
0x00007ffde7b40000 - 0x00007ffde7b5a000 	C:\Program Files\Java\jdk-17.0.4.1\bin\VCRUNTIME140.dll
0x00007ffdee0f0000 - 0x00007ffdee216000 	C:\WINDOWS\System32\RPCRT4.dll
0x00007ffdefe50000 - 0x00007ffdeffed000 	C:\WINDOWS\System32\USER32.dll
0x00007ffde3c30000 - 0x00007ffde3eca000 	C:\WINDOWS\WinSxS\amd64_microsoft.windows.common-controls_6595b64144ccf1df_6.0.19041.1110_none_60b5254171f9507e\COMCTL32.dll
0x00007ffdee950000 - 0x00007ffdee97b000 	C:\WINDOWS\System32\GDI32.dll
0x00007ffdedb80000 - 0x00007ffdedba2000 	C:\WINDOWS\System32\win32u.dll
0x00007ffded740000 - 0x00007ffded850000 	C:\WINDOWS\System32\gdi32full.dll
0x00007ffdeda30000 - 0x00007ffdedacd000 	C:\WINDOWS\System32\msvcp_win.dll
0x00007ffde6560000 - 0x00007ffde656a000 	C:\WINDOWS\SYSTEM32\VERSION.dll
0x00007ffdefd50000 - 0x00007ffdefd80000 	C:\WINDOWS\System32\IMM32.DLL
0x00007ffde9150000 - 0x00007ffde915c000 	C:\Program Files\Java\jdk-17.0.4.1\bin\vcruntime140_1.dll
0x00007ffdc5960000 - 0x00007ffdc59ed000 	C:\Program Files\Java\jdk-17.0.4.1\bin\msvcp140.dll
0x00007ffdbb680000 - 0x00007ffdbc242000 	C:\Program Files\Java\jdk-17.0.4.1\bin\server\jvm.dll
0x00007ffdefd40000 - 0x00007ffdefd48000 	C:\WINDOWS\System32\PSAPI.DLL
0x00007ffde9110000 - 0x00007ffde9119000 	C:\WINDOWS\SYSTEM32\WSOCK32.dll
0x00007ffdef0c0000 - 0x00007ffdef12b000 	C:\WINDOWS\System32\WS2_32.dll
0x00007ffde6380000 - 0x00007ffde63a7000 	C:\WINDOWS\SYSTEM32\WINMM.dll
0x00007ffdeb600000 - 0x00007ffdeb612000 	C:\WINDOWS\SYSTEM32\kernel.appcore.dll
0x00007ffde9120000 - 0x00007ffde912a000 	C:\Program Files\Java\jdk-17.0.4.1\bin\jimage.dll
0x00007ffdd88a0000 - 0x00007ffdd8a84000 	C:\WINDOWS\SYSTEM32\DBGHELP.DLL
0x00007ffdd8860000 - 0x00007ffdd8894000 	C:\WINDOWS\SYSTEM32\dbgcore.DLL
0x00007ffdedf00000 - 0x00007ffdedf82000 	C:\WINDOWS\System32\bcryptPrimitives.dll
0x00007ffddef20000 - 0x00007ffddef2e000 	C:\Program Files\Java\jdk-17.0.4.1\bin\instrument.dll
0x00007ffde7750000 - 0x00007ffde7775000 	C:\Program Files\Java\jdk-17.0.4.1\bin\java.dll
0x00007ffdc5610000 - 0x00007ffdc56e6000 	C:\Program Files\Java\jdk-17.0.4.1\bin\jsvml.dll
0x00007ffdef560000 - 0x00007ffdefca4000 	C:\WINDOWS\System32\SHELL32.dll
0x00007ffdeb800000 - 0x00007ffdebf93000 	C:\WINDOWS\SYSTEM32\windows.storage.dll
0x00007ffdef140000 - 0x00007ffdef494000 	C:\WINDOWS\System32\combase.dll
0x00007ffded1a0000 - 0x00007ffded1ce000 	C:\WINDOWS\SYSTEM32\Wldp.dll
0x00007ffdefda0000 - 0x00007ffdefe4d000 	C:\WINDOWS\System32\SHCORE.dll
0x00007ffdef060000 - 0x00007ffdef0b5000 	C:\WINDOWS\System32\shlwapi.dll
0x00007ffded680000 - 0x00007ffded69f000 	C:\WINDOWS\SYSTEM32\profapi.dll
0x00007ffddff80000 - 0x00007ffddff98000 	C:\Program Files\Java\jdk-17.0.4.1\bin\zip.dll
0x00007ffde0240000 - 0x00007ffde0259000 	C:\Program Files\Java\jdk-17.0.4.1\bin\net.dll
0x00007ffde0710000 - 0x00007ffde081a000 	C:\WINDOWS\SYSTEM32\WINHTTP.dll
0x00007ffdecf00000 - 0x00007ffdecf6a000 	C:\WINDOWS\system32\mswsock.dll
0x00007ffde0210000 - 0x00007ffde0226000 	C:\Program Files\Java\jdk-17.0.4.1\bin\nio.dll
0x00007ffdd8f40000 - 0x00007ffdd8f5a000 	C:\Program Files\JetBrains\IntelliJ IDEA 2022.2.3\bin\breakgen64.dll
0x00007ffdecbe0000 - 0x00007ffdeccab000 	C:\WINDOWS\SYSTEM32\DNSAPI.dll
0x00007ffdecba0000 - 0x00007ffdecbdc000 	C:\WINDOWS\SYSTEM32\IPHLPAPI.DLL
0x00007ffdef130000 - 0x00007ffdef138000 	C:\WINDOWS\System32\NSI.dll
0x00007ffdde6c0000 - 0x00007ffdde6ca000 	C:\Windows\System32\rasadhlp.dll
0x00007ffdde6d0000 - 0x00007ffdde750000 	C:\WINDOWS\System32\fwpuclnt.dll
0x00007ffded850000 - 0x00007ffded877000 	C:\WINDOWS\System32\bcrypt.dll
0x00007ffddaed0000 - 0x00007ffddaed9000 	C:\Program Files\Java\jdk-17.0.4.1\bin\management.dll
0x00007ffddae80000 - 0x00007ffddae8b000 	C:\Program Files\Java\jdk-17.0.4.1\bin\management_ext.dll
0x00007ffded0f0000 - 0x00007ffded108000 	C:\WINDOWS\SYSTEM32\CRYPTSP.dll
0x00007ffdec740000 - 0x00007ffdec774000 	C:\WINDOWS\system32\rsaenh.dll
0x00007ffded600000 - 0x00007ffded62e000 	C:\WINDOWS\SYSTEM32\USERENV.dll
0x00007ffded110000 - 0x00007ffded11c000 	C:\WINDOWS\SYSTEM32\CRYPTBASE.dll
0x00007ffde09d0000 - 0x00007ffde09e7000 	C:\WINDOWS\SYSTEM32\dhcpcsvc6.DLL
0x00007ffde2430000 - 0x00007ffde244d000 	C:\WINDOWS\SYSTEM32\dhcpcsvc.DLL
0x00007ffddffe0000 - 0x00007ffddfff7000 	C:\WINDOWS\system32\napinsp.dll
0x00007ffddffc0000 - 0x00007ffddffdb000 	C:\WINDOWS\system32\pnrpnsp.dll
0x00007ffde90e0000 - 0x00007ffde90fd000 	C:\WINDOWS\system32\NLAapi.dll
0x00007ffde54b0000 - 0x00007ffde54c5000 	C:\WINDOWS\system32\wshbth.dll
0x00007ffde8490000 - 0x00007ffde84a2000 	C:\WINDOWS\System32\winrnr.dll
0x00007ffddef30000 - 0x00007ffddef40000 	C:\Program Files\Java\jdk-17.0.4.1\bin\verify.dll
0x00007ffddae70000 - 0x00007ffddae7e000 	C:\Program Files\Java\jdk-17.0.4.1\bin\sunmscapi.dll
0x00007ffded880000 - 0x00007ffded9d6000 	C:\WINDOWS\System32\CRYPT32.dll
0x00007ffded210000 - 0x00007ffded238000 	C:\WINDOWS\SYSTEM32\ncrypt.dll
0x00007ffded1d0000 - 0x00007ffded20b000 	C:\WINDOWS\SYSTEM32\NTASN1.dll
0x0000000070bc0000 - 0x0000000070c9c000 	C:\Users\Mateusz\AppData\Local\Temp\sqlite-3.36.0.3-08d39df5-8881-4877-81a9-11a03c869bb3-sqlitejdbc.dll
0x00007ffddefe0000 - 0x00007ffddefe7000 	C:\WINDOWS\system32\wshunix.dll

dbghelp: loaded successfully - version: 4.0.5 - missing functions: none
symbol engine: initialized successfully - sym options: 0x614 - pdb path: .;C:\Program Files\Java\jdk-17.0.4.1\bin;C:\WINDOWS\SYSTEM32;C:\WINDOWS\WinSxS\amd64_microsoft.windows.common-controls_6595b64144ccf1df_6.0.19041.1110_none_60b5254171f9507e;C:\Program Files\Java\jdk-17.0.4.1\bin\server;C:\Program Files\JetBrains\IntelliJ IDEA 2022.2.3\bin;C:\Users\Mateusz\AppData\Local\Temp

VM Arguments:
jvm_args: -XX:TieredStopAtLevel=1 -Dspring.output.ansi.enabled=always -Dcom.sun.management.jmxremote -Dspring.jmx.enabled=true -Dspring.liveBeansView.mbeanDomain -Dspring.application.admin.enabled=true -javaagent:C:\Program Files\JetBrains\IntelliJ IDEA 2022.2.3\lib\idea_rt.jar=51040:C:\Program Files\JetBrains\IntelliJ IDEA 2022.2.3\bin -Dfile.encoding=UTF-8 
java_command: com.company.enroller.App
java_class_path (initial): E:\PROGRAMOWANIE\AGH\Programowanie aplikacji webowych 2\enroller-fullstack\target\classes;C:\Users\Mateusz\.m2\repository\org\springframework\boot\spring-boot-starter-web\2.6.6\spring-boot-starter-web-2.6.6.jar;C:\Users\Mateusz\.m2\repository\org\springframework\boot\spring-boot-starter\2.6.6\spring-boot-starter-2.6.6.jar;C:\Users\Mateusz\.m2\repository\org\springframework\boot\spring-boot\2.6.6\spring-boot-2.6.6.jar;C:\Users\Mateusz\.m2\repository\org\springframework\boot\spring-boot-autoconfigure\2.6.6\spring-boot-autoconfigure-2.6.6.jar;C:\Users\Mateusz\.m2\repository\org\springframework\boot\spring-boot-starter-logging\2.6.6\spring-boot-starter-logging-2.6.6.jar;C:\Users\Mateusz\.m2\repository\ch\qos\logback\logback-classic\1.2.11\logback-classic-1.2.11.jar;C:\Users\Mateusz\.m2\repository\ch\qos\logback\logback-core\1.2.11\logback-core-1.2.11.jar;C:\Users\Mateusz\.m2\repository\org\apache\logging\log4j\log4j-to-slf4j\2.17.2\log4j-to-slf4j-2.17.2.jar;C:\Users\Mateusz\.m2\repository\org\apache\logging\log4j\log4j-api\2.17.2\log4j-api-2.17.2.jar;C:\Users\Mateusz\.m2\repository\org\slf4j\jul-to-slf4j\1.7.36\jul-to-slf4j-1.7.36.jar;C:\Users\Mateusz\.m2\repository\jakarta\annotation\jakarta.annotation-api\1.3.5\jakarta.annotation-api-1.3.5.jar;C:\Users\Mateusz\.m2\repository\org\yaml\snakeyaml\1.29\snakeyaml-1.29.jar;C:\Users\Mateusz\.m2\repository\org\springframework\boot\spring-boot-starter-json\2.6.6\spring-boot-starter-json-2.6.6.jar;C:\Users\Mateusz\.m2\repository\com\fasterxml\jackson\datatype\jackson-datatype-jdk8\2.13.2\jackson-datatype-jdk8-2.13.2.jar;C:\Users\Mateusz\.m2\repository\com\fasterxml\jackson\datatype\jackson-datatype-jsr310\2.13.2\jackson-datatype-jsr310-2.13.2.jar;C:\Users\Mateusz\.m2\repository\com\fasterxml\jackson\module\jackson-module-parameter-names\2.13.2\jackson-module-parameter-names-2.13.2.jar;C:\Users\Mateusz\.m2\repository\org\springframework\boot\spring-boot-starter-tomcat\2.6.6\spring-boot-starter-tomcat
Launcher Type: SUN_STANDARD

[Global flags]
     intx CICompilerCount                          = 3                                         {product} {ergonomic}
     uint ConcGCThreads                            = 1                                         {product} {ergonomic}
     uint G1ConcRefinementThreads                  = 4                                         {product} {ergonomic}
   size_t G1HeapRegionSize                         = 1048576                                   {product} {ergonomic}
    uintx GCDrainStackTargetSize                   = 64                                        {product} {ergonomic}
   size_t InitialHeapSize                          = 100663296                                 {product} {ergonomic}
     bool ManagementServer                         = true                                      {product} {command line}
   size_t MarkStackSize                            = 4194304                                   {product} {ergonomic}
   size_t MaxHeapSize                              = 1585446912                                {product} {ergonomic}
   size_t MaxNewSize                               = 951058432                                 {product} {ergonomic}
   size_t MinHeapDeltaBytes                        = 1048576                                   {product} {ergonomic}
   size_t MinHeapSize                              = 8388608                                   {product} {ergonomic}
    uintx NonProfiledCodeHeapSize                  = 0                                      {pd product} {ergonomic}
     bool ProfileInterpreter                       = false                                  {pd product} {command line}
    uintx ProfiledCodeHeapSize                     = 0                                      {pd product} {ergonomic}
   size_t SoftMaxHeapSize                          = 1585446912                             {manageable} {ergonomic}
     intx TieredStopAtLevel                        = 1                                         {product} {command line}
     bool UseCompressedClassPointers               = true                           {product lp64_product} {ergonomic}
     bool UseCompressedOops                        = true                           {product lp64_product} {ergonomic}
     bool UseG1GC                                  = true                                      {product} {ergonomic}
     bool UseLargePagesIndividualAllocation        = false                                  {pd product} {ergonomic}

Logging:
Log output configuration:
 #0: stdout all=warning uptime,level,tags
 #1: stderr all=off uptime,level,tags

Environment Variables:
PATH=C:\Program Files\Common Files\Oracle\Java\javapath;C:\WINDOWS\system32;C:\WINDOWS;C:\WINDOWS\System32\Wbem;C:\WINDOWS\System32\WindowsPowerShell\v1.0\;C:\WINDOWS\System32\OpenSSH\;C:\Program Files\Azure Data Studio\bin;C:\Program Files\Git\cmd;C:\Program Files\nodejs\;C:\Users\Mateusz\AppData\Local\Microsoft\WindowsApps;C:\Program Files\Azure Data Studio\bin;E:\PROGRAMOWANIE\AGH\apache-maven-3.9.1\bin;C:\Users\Mateusz\AppData\Roaming\npm
USERNAME=Mateusz
OS=Windows_NT
PROCESSOR_IDENTIFIER=Intel64 Family 6 Model 69 Stepping 1, GenuineIntel



---------------  S Y S T E M  ---------------

OS:
 Windows 10 , 64 bit Build 19041 (10.0.19041.2788)
OS uptime: 1 days 20:02 hours

CPU: total 4 (initial active 4) (2 cores per cpu, 2 threads per core) family 6 model 69 stepping 1 microcode 0x25, cx8, cmov, fxsr, ht, mmx, sse, sse2, sse3, ssse3, sse4.1, sse4.2, popcnt, lzcnt, tsc, tscinvbit, avx, avx2, aes, erms, clmul, bmi1, bmi2, fma, vzeroupper, clflush

Memory: 4k page, system-wide physical 6042M (373M free)
TotalPageFile size 12698M (AvailPageFile size 4635M)
current process WorkingSet (physical memory assigned to process): 169M, peak: 169M
current process commit charge ("private bytes"): 200M, peak: 203M

vm_info: Java HotSpot(TM) 64-Bit Server VM (17.0.4.1+1-LTS-2) for windows-amd64 JRE (17.0.4.1+1-LTS-2), built on Aug 16 2022 18:32:06 by "mach5one" with MS VC++ 16.8 / 16.9 (VS2019)

END.
